<?xml version="1.0" encoding="UTF-8"?>
<!-- Generated by org.testng.reporters.JUnitXMLReporter -->
<testsuite hostname="Renu.local" tests="13" failures="4" timestamp="29 Apr 2016 02:56:47 GMT" time="636.037" errors="0">
  <testcase name="testZomatoSearch" time="35.079" classname="ZomatoSearch"/>
  <testcase name="testZomatoSearchWithFilters" time="15.748" classname="ZomatoSearch"/>
  <testcase name="CheckInFunctionality" time="38.034" classname="CheckInTest"/>
  <testcase name="signUpDisable" time="5.06" classname="Registration"/>
  <testcase name="validRegistration" time="54.998" classname="Registration"/>
  <testcase name="testInvalidLoginCredentials" time="18.254" classname="loginTests"/>
  <testcase name="validLogin" time="40.029" classname="loginTests"/>
  <testcase name="testZomatoReviews" time="20.416" classname="TestReviews">
    <failure type="org.openqa.selenium.NoSuchElementException" message="An element could not be located on the page using the given search parameters. (WARNING: The server did not provide any stacktrace information)
Command duration or timeout: 5.05 seconds
For documentation on this error, please visit: http://seleniumhq.org/exceptions/no_such_element.html
Build info: version: &amp;apos;2.53.0&amp;apos;, revision: &amp;apos;35ae25b1534ae328c771e0856c93e187490ca824&amp;apos;, time: &amp;apos;2016-03-15 10:43:46&amp;apos;
System info: host: &amp;apos;Renu.local&amp;apos;, ip: &amp;apos;10.250.182.209&amp;apos;, os.name: &amp;apos;Mac OS X&amp;apos;, os.arch: &amp;apos;x86_64&amp;apos;, os.version: &amp;apos;10.10.5&amp;apos;, java.version: &amp;apos;1.8.0_77&amp;apos;
Driver info: org.openqa.selenium.remote.RemoteWebDriver
Capabilities [{app=/Users/rbathej/SJSU/287/GroupProject/Zomato.apk, appPackage=com.application.zomato, networkConnectionEnabled=true, warnings={}, databaseEnabled=false, deviceName=04a2e40343837d65, platform=LINUX, desired={app=/Users/rbathej/SJSU/287/GroupProject/Zomato.apk, appPackage=com.application.zomato, platformVersion=4.4.4, browserName=Android, platformName=Android, deviceName=104ec392, autoAcceptAlerts=true}, platformVersion=6.0.1, webStorageEnabled=false, locationContextEnabled=false, browserName=Android, takesScreenshot=true, javascriptEnabled=true, platformName=Android, autoAcceptAlerts=true}]
Session ID: 2d3421bc-ac1e-4355-b262-7e0924192e7d
*** Element info: {Using=id, value=com.application.zomato:id/reviewRatingbar}">
      <![CDATA[org.openqa.selenium.NoSuchElementException: An element could not be located on the page using the given search parameters. (WARNING: The server did not provide any stacktrace information)
Command duration or timeout: 5.05 seconds
For documentation on this error, please visit: http://seleniumhq.org/exceptions/no_such_element.html
Build info: version: '2.53.0', revision: '35ae25b1534ae328c771e0856c93e187490ca824', time: '2016-03-15 10:43:46'
System info: host: 'Renu.local', ip: '10.250.182.209', os.name: 'Mac OS X', os.arch: 'x86_64', os.version: '10.10.5', java.version: '1.8.0_77'
Driver info: org.openqa.selenium.remote.RemoteWebDriver
Capabilities [{app=/Users/rbathej/SJSU/287/GroupProject/Zomato.apk, appPackage=com.application.zomato, networkConnectionEnabled=true, warnings={}, databaseEnabled=false, deviceName=04a2e40343837d65, platform=LINUX, desired={app=/Users/rbathej/SJSU/287/GroupProject/Zomato.apk, appPackage=com.application.zomato, platformVersion=4.4.4, browserName=Android, platformName=Android, deviceName=104ec392, autoAcceptAlerts=true}, platformVersion=6.0.1, webStorageEnabled=false, locationContextEnabled=false, browserName=Android, takesScreenshot=true, javascriptEnabled=true, platformName=Android, autoAcceptAlerts=true}]
Session ID: 2d3421bc-ac1e-4355-b262-7e0924192e7d
*** Element info: {Using=id, value=com.application.zomato:id/reviewRatingbar}
	at org.openqa.selenium.remote.ErrorHandler.createThrowable(ErrorHandler.java:206)
	at org.openqa.selenium.remote.ErrorHandler.throwIfResponseFailed(ErrorHandler.java:158)
	at org.openqa.selenium.remote.RemoteWebDriver.execute(RemoteWebDriver.java:678)
	at org.openqa.selenium.remote.RemoteWebDriver.findElement(RemoteWebDriver.java:363)
	at org.openqa.selenium.remote.RemoteWebDriver.findElementById(RemoteWebDriver.java:413)
	at org.openqa.selenium.By$ById.findElement(By.java:218)
	at org.openqa.selenium.remote.RemoteWebDriver.findElement(RemoteWebDriver.java:355)
	at TestReviews.testZomatoReviews(TestReviews.java:141)
	at com.intellij.rt.execution.application.AppMain.main(AppMain.java:144)
... Removed 31 stack frames]]>
    </failure>
  </testcase> <!-- testZomatoReviews -->
  <testcase name="testZomatoReviewsNegative" time="5.433" classname="TestReviews">
    <failure type="org.openqa.selenium.NoSuchElementException" message="An element could not be located on the page using the given search parameters. (WARNING: The server did not provide any stacktrace information)
Command duration or timeout: 5.43 seconds
For documentation on this error, please visit: http://seleniumhq.org/exceptions/no_such_element.html
Build info: version: &amp;apos;2.53.0&amp;apos;, revision: &amp;apos;35ae25b1534ae328c771e0856c93e187490ca824&amp;apos;, time: &amp;apos;2016-03-15 10:43:46&amp;apos;
System info: host: &amp;apos;Renu.local&amp;apos;, ip: &amp;apos;10.250.182.209&amp;apos;, os.name: &amp;apos;Mac OS X&amp;apos;, os.arch: &amp;apos;x86_64&amp;apos;, os.version: &amp;apos;10.10.5&amp;apos;, java.version: &amp;apos;1.8.0_77&amp;apos;
Driver info: org.openqa.selenium.remote.RemoteWebDriver
Capabilities [{app=/Users/rbathej/SJSU/287/GroupProject/Zomato.apk, appPackage=com.application.zomato, networkConnectionEnabled=true, warnings={}, databaseEnabled=false, deviceName=04a2e40343837d65, platform=LINUX, desired={app=/Users/rbathej/SJSU/287/GroupProject/Zomato.apk, appPackage=com.application.zomato, platformVersion=4.4.4, browserName=Android, platformName=Android, deviceName=104ec392, autoAcceptAlerts=true}, platformVersion=6.0.1, webStorageEnabled=false, locationContextEnabled=false, browserName=Android, takesScreenshot=true, javascriptEnabled=true, platformName=Android, autoAcceptAlerts=true}]
Session ID: 2d3421bc-ac1e-4355-b262-7e0924192e7d
*** Element info: {Using=id, value=com.application.zomato:id/fab_background}">
      <![CDATA[org.openqa.selenium.NoSuchElementException: An element could not be located on the page using the given search parameters. (WARNING: The server did not provide any stacktrace information)
Command duration or timeout: 5.43 seconds
For documentation on this error, please visit: http://seleniumhq.org/exceptions/no_such_element.html
Build info: version: '2.53.0', revision: '35ae25b1534ae328c771e0856c93e187490ca824', time: '2016-03-15 10:43:46'
System info: host: 'Renu.local', ip: '10.250.182.209', os.name: 'Mac OS X', os.arch: 'x86_64', os.version: '10.10.5', java.version: '1.8.0_77'
Driver info: org.openqa.selenium.remote.RemoteWebDriver
Capabilities [{app=/Users/rbathej/SJSU/287/GroupProject/Zomato.apk, appPackage=com.application.zomato, networkConnectionEnabled=true, warnings={}, databaseEnabled=false, deviceName=04a2e40343837d65, platform=LINUX, desired={app=/Users/rbathej/SJSU/287/GroupProject/Zomato.apk, appPackage=com.application.zomato, platformVersion=4.4.4, browserName=Android, platformName=Android, deviceName=104ec392, autoAcceptAlerts=true}, platformVersion=6.0.1, webStorageEnabled=false, locationContextEnabled=false, browserName=Android, takesScreenshot=true, javascriptEnabled=true, platformName=Android, autoAcceptAlerts=true}]
Session ID: 2d3421bc-ac1e-4355-b262-7e0924192e7d
*** Element info: {Using=id, value=com.application.zomato:id/fab_background}
	at org.openqa.selenium.remote.ErrorHandler.createThrowable(ErrorHandler.java:206)
	at org.openqa.selenium.remote.ErrorHandler.throwIfResponseFailed(ErrorHandler.java:158)
	at org.openqa.selenium.remote.RemoteWebDriver.execute(RemoteWebDriver.java:678)
	at org.openqa.selenium.remote.RemoteWebDriver.findElement(RemoteWebDriver.java:363)
	at org.openqa.selenium.remote.RemoteWebDriver.findElementById(RemoteWebDriver.java:413)
	at org.openqa.selenium.By$ById.findElement(By.java:218)
	at org.openqa.selenium.remote.RemoteWebDriver.findElement(RemoteWebDriver.java:355)
	at TestReviews.testZomatoReviewsNegative(TestReviews.java:99)
	at com.intellij.rt.execution.application.AppMain.main(AppMain.java:144)
... Removed 31 stack frames]]>
    </failure>
  </testcase> <!-- testZomatoReviewsNegative -->
  <testcase name="inviteFriendsByMail" time="49.854" classname="InviteFriendsTest"/>
  <testcase name="editProfile" time="152.236" classname="EditProfileTest"/>
  <testcase name="CreateCollectionTest" time="75.069" classname="ZomatoCreateCollection_DeleteCollection">
    <failure type="org.openqa.selenium.NoSuchElementException" message="An element could not be located on the page using the given search parameters. (WARNING: The server did not provide any stacktrace information)
Command duration or timeout: 5.02 seconds
For documentation on this error, please visit: http://seleniumhq.org/exceptions/no_such_element.html
Build info: version: &amp;apos;2.53.0&amp;apos;, revision: &amp;apos;35ae25b1534ae328c771e0856c93e187490ca824&amp;apos;, time: &amp;apos;2016-03-15 10:43:46&amp;apos;
System info: host: &amp;apos;Renu.local&amp;apos;, ip: &amp;apos;10.250.182.209&amp;apos;, os.name: &amp;apos;Mac OS X&amp;apos;, os.arch: &amp;apos;x86_64&amp;apos;, os.version: &amp;apos;10.10.5&amp;apos;, java.version: &amp;apos;1.8.0_77&amp;apos;
Driver info: io.appium.java_client.android.AndroidDriver
Capabilities [{app=/Users/rbathej/SJSU/287/GroupProject/Zomato.apk, appPackage=com.application.zomato, networkConnectionEnabled=true, warnings={}, databaseEnabled=false, deviceName=04a2e40343837d65, platform=LINUX, desired={app=/Users/rbathej/SJSU/287/GroupProject/Zomato.apk, appPackage=com.application.zomato, platformVersion=5.0.1, browserName= , platformName=Android, deviceName=XT1064}, platformVersion=6.0.1, webStorageEnabled=false, locationContextEnabled=false, browserName= , takesScreenshot=true, javascriptEnabled=true, platformName=Android}]
Session ID: 8f8d77bb-57af-4aeb-913e-f21172fad2ab
*** Element info: {Using=id, value=com.application.zomato:id/call_icon}">
      <![CDATA[org.openqa.selenium.NoSuchElementException: An element could not be located on the page using the given search parameters. (WARNING: The server did not provide any stacktrace information)
Command duration or timeout: 5.02 seconds
For documentation on this error, please visit: http://seleniumhq.org/exceptions/no_such_element.html
Build info: version: '2.53.0', revision: '35ae25b1534ae328c771e0856c93e187490ca824', time: '2016-03-15 10:43:46'
System info: host: 'Renu.local', ip: '10.250.182.209', os.name: 'Mac OS X', os.arch: 'x86_64', os.version: '10.10.5', java.version: '1.8.0_77'
Driver info: io.appium.java_client.android.AndroidDriver
Capabilities [{app=/Users/rbathej/SJSU/287/GroupProject/Zomato.apk, appPackage=com.application.zomato, networkConnectionEnabled=true, warnings={}, databaseEnabled=false, deviceName=04a2e40343837d65, platform=LINUX, desired={app=/Users/rbathej/SJSU/287/GroupProject/Zomato.apk, appPackage=com.application.zomato, platformVersion=5.0.1, browserName= , platformName=Android, deviceName=XT1064}, platformVersion=6.0.1, webStorageEnabled=false, locationContextEnabled=false, browserName= , takesScreenshot=true, javascriptEnabled=true, platformName=Android}]
Session ID: 8f8d77bb-57af-4aeb-913e-f21172fad2ab
*** Element info: {Using=id, value=com.application.zomato:id/call_icon}
	at org.openqa.selenium.remote.ErrorHandler.createThrowable(ErrorHandler.java:206)
	at org.openqa.selenium.remote.ErrorHandler.throwIfResponseFailed(ErrorHandler.java:158)
	at org.openqa.selenium.remote.RemoteWebDriver.execute(RemoteWebDriver.java:678)
	at io.appium.java_client.AppiumDriver.execute(AppiumDriver.java:180)
	at org.openqa.selenium.remote.RemoteWebDriver.findElement(RemoteWebDriver.java:363)
	at org.openqa.selenium.remote.RemoteWebDriver.findElementById(RemoteWebDriver.java:413)
	at org.openqa.selenium.By$ById.findElement(By.java:218)
	at org.openqa.selenium.remote.RemoteWebDriver.findElement(RemoteWebDriver.java:355)
	at ZomatoCreateCollection_DeleteCollection.CreateCollectionTest(ZomatoCreateCollection_DeleteCollection.java:105)
	at com.intellij.rt.execution.application.AppMain.main(AppMain.java:144)
... Removed 31 stack frames]]>
    </failure>
  </testcase> <!-- CreateCollectionTest -->
  <testcase name="DeleteCollectionTest" time="0.013" classname="ZomatoCreateCollection_DeleteCollection">
    <failure type="org.openqa.selenium.SessionNotCreatedException" message="A new session could not be created. (Original error: Requested a new session but one was in progress) (WARNING: The server did not provide any stacktrace information)
Command duration or timeout: 11 milliseconds
Build info: version: &amp;apos;2.53.0&amp;apos;, revision: &amp;apos;35ae25b1534ae328c771e0856c93e187490ca824&amp;apos;, time: &amp;apos;2016-03-15 10:43:46&amp;apos;
System info: host: &amp;apos;Renu.local&amp;apos;, ip: &amp;apos;10.250.182.209&amp;apos;, os.name: &amp;apos;Mac OS X&amp;apos;, os.arch: &amp;apos;x86_64&amp;apos;, os.version: &amp;apos;10.10.5&amp;apos;, java.version: &amp;apos;1.8.0_77&amp;apos;
Driver info: io.appium.java_client.android.AndroidDriver">
      <![CDATA[org.openqa.selenium.SessionNotCreatedException: A new session could not be created. (Original error: Requested a new session but one was in progress) (WARNING: The server did not provide any stacktrace information)
Command duration or timeout: 11 milliseconds
Build info: version: '2.53.0', revision: '35ae25b1534ae328c771e0856c93e187490ca824', time: '2016-03-15 10:43:46'
System info: host: 'Renu.local', ip: '10.250.182.209', os.name: 'Mac OS X', os.arch: 'x86_64', os.version: '10.10.5', java.version: '1.8.0_77'
Driver info: io.appium.java_client.android.AndroidDriver
	at org.openqa.selenium.remote.ErrorHandler.createThrowable(ErrorHandler.java:206)
	at org.openqa.selenium.remote.ErrorHandler.throwIfResponseFailed(ErrorHandler.java:158)
	at org.openqa.selenium.remote.RemoteWebDriver.execute(RemoteWebDriver.java:678)
	at io.appium.java_client.AppiumDriver.execute(AppiumDriver.java:180)
	at org.openqa.selenium.remote.RemoteWebDriver.startSession(RemoteWebDriver.java:249)
	at org.openqa.selenium.remote.RemoteWebDriver.<init>(RemoteWebDriver.java:131)
	at org.openqa.selenium.remote.RemoteWebDriver.<init>(RemoteWebDriver.java:158)
	at io.appium.java_client.AppiumDriver.<init>(AppiumDriver.java:109)
	at io.appium.java_client.android.AndroidDriver.<init>(AndroidDriver.java:39)
	at ZomatoCreateCollection_DeleteCollection.LaunchingZomato(ZomatoCreateCollection_DeleteCollection.java:42)
	at ZomatoCreateCollection_DeleteCollection.DeleteCollectionTest(ZomatoCreateCollection_DeleteCollection.java:123)
	at com.intellij.rt.execution.application.AppMain.main(AppMain.java:144)
... Removed 31 stack frames]]>
    </failure>
  </testcase> <!-- DeleteCollectionTest -->
</testsuite>
