<?xml version="1.0" encoding="UTF-8"?>
<testng-results skipped="0" failed="4" total="13" passed="9">
  <reporter-output>
  </reporter-output>
  <suite name="TestAll" duration-ms="636037" started-at="2016-04-29T02:46:11Z" finished-at="2016-04-29T02:56:47Z">
    <groups>
    </groups>
    <test name="zomato" duration-ms="636037" started-at="2016-04-29T02:46:11Z" finished-at="2016-04-29T02:56:47Z">
      <class name="ZomatoSearch">
        <test-method status="PASS" signature="setUp()[pri:0, instance:ZomatoSearch@3dd3bcd]" name="setUp" is-config="true" duration-ms="10797" started-at="2016-04-28T19:46:11Z" finished-at="2016-04-28T19:46:22Z">
          <reporter-output>
          </reporter-output>
        </test-method> <!-- setUp -->
        <test-method status="PASS" signature="testZomatoSearch()[pri:0, instance:ZomatoSearch@3dd3bcd]" name="testZomatoSearch" duration-ms="35079" started-at="2016-04-28T19:46:22Z" finished-at="2016-04-28T19:46:57Z">
          <reporter-output>
          </reporter-output>
        </test-method> <!-- testZomatoSearch -->
        <test-method status="PASS" signature="testZomatoSearchWithFilters()[pri:0, instance:ZomatoSearch@3dd3bcd]" name="testZomatoSearchWithFilters" duration-ms="15748" started-at="2016-04-28T19:46:57Z" finished-at="2016-04-28T19:47:13Z">
          <reporter-output>
          </reporter-output>
        </test-method> <!-- testZomatoSearchWithFilters -->
        <test-method status="PASS" signature="teardown()[pri:0, instance:ZomatoSearch@3dd3bcd]" name="teardown" is-config="true" duration-ms="1062" started-at="2016-04-28T19:47:13Z" finished-at="2016-04-28T19:47:14Z">
          <reporter-output>
          </reporter-output>
        </test-method> <!-- teardown -->
      </class> <!-- ZomatoSearch -->
      <class name="EditProfileTest">
        <test-method status="PASS" signature="setup()[pri:0, instance:EditProfileTest@13a57a3b]" name="setup" is-config="true" duration-ms="11771" started-at="2016-04-28T19:52:46Z" finished-at="2016-04-28T19:52:58Z">
          <reporter-output>
          </reporter-output>
        </test-method> <!-- setup -->
        <test-method status="PASS" signature="editProfile()[pri:0, instance:EditProfileTest@13a57a3b]" name="editProfile" duration-ms="152236" started-at="2016-04-28T19:52:58Z" finished-at="2016-04-28T19:55:30Z">
          <reporter-output>
          </reporter-output>
        </test-method> <!-- editProfile -->
        <test-method status="PASS" signature="teardown()[pri:0, instance:EditProfileTest@13a57a3b]" name="teardown" is-config="true" duration-ms="978" started-at="2016-04-28T19:55:30Z" finished-at="2016-04-28T19:55:31Z">
          <reporter-output>
          </reporter-output>
        </test-method> <!-- teardown -->
      </class> <!-- EditProfileTest -->
      <class name="Registration">
        <test-method status="PASS" signature="getPropValues()[pri:0, instance:Registration@26f67b76]" name="getPropValues" is-config="true" duration-ms="1" started-at="2016-04-28T19:48:02Z" finished-at="2016-04-28T19:48:02Z">
          <reporter-output>
          </reporter-output>
        </test-method> <!-- getPropValues -->
        <test-method status="PASS" signature="setUp()[pri:0, instance:Registration@26f67b76]" name="setUp" is-config="true" duration-ms="11408" started-at="2016-04-28T19:48:02Z" finished-at="2016-04-28T19:48:13Z">
          <reporter-output>
          </reporter-output>
        </test-method> <!-- setUp -->
        <test-method status="PASS" signature="signUpDisable()[pri:0, instance:Registration@26f67b76]" name="signUpDisable" duration-ms="5060" started-at="2016-04-28T19:48:13Z" finished-at="2016-04-28T19:48:18Z">
          <reporter-output>
          </reporter-output>
        </test-method> <!-- signUpDisable -->
        <test-method status="PASS" signature="teardown()[pri:0, instance:Registration@26f67b76]" name="teardown" is-config="true" duration-ms="918" started-at="2016-04-28T19:48:18Z" finished-at="2016-04-28T19:48:19Z">
          <reporter-output>
          </reporter-output>
        </test-method> <!-- teardown -->
        <test-method status="PASS" signature="getPropValues()[pri:0, instance:Registration@26f67b76]" name="getPropValues" is-config="true" duration-ms="0" started-at="2016-04-28T19:48:19Z" finished-at="2016-04-28T19:48:19Z">
          <reporter-output>
          </reporter-output>
        </test-method> <!-- getPropValues -->
        <test-method status="PASS" signature="setUp()[pri:0, instance:Registration@26f67b76]" name="setUp" is-config="true" duration-ms="11565" started-at="2016-04-28T19:48:19Z" finished-at="2016-04-28T19:48:31Z">
          <reporter-output>
          </reporter-output>
        </test-method> <!-- setUp -->
        <test-method status="PASS" signature="validRegistration()[pri:0, instance:Registration@26f67b76]" name="validRegistration" duration-ms="54998" started-at="2016-04-28T19:48:31Z" finished-at="2016-04-28T19:49:26Z">
          <reporter-output>
          </reporter-output>
        </test-method> <!-- validRegistration -->
        <test-method status="PASS" signature="teardown()[pri:0, instance:Registration@26f67b76]" name="teardown" is-config="true" duration-ms="1081" started-at="2016-04-28T19:49:26Z" finished-at="2016-04-28T19:49:27Z">
          <reporter-output>
          </reporter-output>
        </test-method> <!-- teardown -->
      </class> <!-- Registration -->
      <class name="CheckInTest">
        <test-method status="PASS" signature="setup()[pri:0, instance:CheckInTest@97e1986]" name="setup" is-config="true" duration-ms="8847" started-at="2016-04-28T19:47:14Z" finished-at="2016-04-28T19:47:23Z">
          <reporter-output>
          </reporter-output>
        </test-method> <!-- setup -->
        <test-method status="PASS" signature="CheckInFunctionality()[pri:0, instance:CheckInTest@97e1986]" name="CheckInFunctionality" duration-ms="38034" started-at="2016-04-28T19:47:23Z" finished-at="2016-04-28T19:48:01Z">
          <reporter-output>
          </reporter-output>
        </test-method> <!-- CheckInFunctionality -->
        <test-method status="PASS" signature="teardown()[pri:0, instance:CheckInTest@97e1986]" name="teardown" is-config="true" duration-ms="971" started-at="2016-04-28T19:48:01Z" finished-at="2016-04-28T19:48:02Z">
          <reporter-output>
          </reporter-output>
        </test-method> <!-- teardown -->
      </class> <!-- CheckInTest -->
      <class name="TestReviews">
        <test-method status="PASS" signature="setUp()[pri:0, instance:TestReviews@7f560810]" name="setUp" is-config="true" duration-ms="28996" started-at="2016-04-28T19:50:51Z" finished-at="2016-04-28T19:51:20Z">
          <reporter-output>
          </reporter-output>
        </test-method> <!-- setUp -->
        <test-method status="FAIL" signature="testZomatoReviews()[pri:0, instance:TestReviews@7f560810]" name="testZomatoReviews" duration-ms="20416" started-at="2016-04-28T19:51:20Z" finished-at="2016-04-28T19:51:40Z">
          <exception class="org.openqa.selenium.NoSuchElementException">
            <message>
              <![CDATA[An element could not be located on the page using the given search parameters. (WARNING: The server did not provide any stacktrace information)
Command duration or timeout: 5.05 seconds
For documentation on this error, please visit: http://seleniumhq.org/exceptions/no_such_element.html
Build info: version: '2.53.0', revision: '35ae25b1534ae328c771e0856c93e187490ca824', time: '2016-03-15 10:43:46'
System info: host: 'Renu.local', ip: '10.250.182.209', os.name: 'Mac OS X', os.arch: 'x86_64', os.version: '10.10.5', java.version: '1.8.0_77'
Driver info: org.openqa.selenium.remote.RemoteWebDriver
Capabilities [{app=/Users/rbathej/SJSU/287/GroupProject/Zomato.apk, appPackage=com.application.zomato, networkConnectionEnabled=true, warnings={}, databaseEnabled=false, deviceName=04a2e40343837d65, platform=LINUX, desired={app=/Users/rbathej/SJSU/287/GroupProject/Zomato.apk, appPackage=com.application.zomato, platformVersion=4.4.4, browserName=Android, platformName=Android, deviceName=104ec392, autoAcceptAlerts=true}, platformVersion=6.0.1, webStorageEnabled=false, locationContextEnabled=false, browserName=Android, takesScreenshot=true, javascriptEnabled=true, platformName=Android, autoAcceptAlerts=true}]
Session ID: 2d3421bc-ac1e-4355-b262-7e0924192e7d
*** Element info: {Using=id, value=com.application.zomato:id/reviewRatingbar}]]>
            </message>
            <full-stacktrace>
              <![CDATA[org.openqa.selenium.NoSuchElementException: An element could not be located on the page using the given search parameters. (WARNING: The server did not provide any stacktrace information)
Command duration or timeout: 5.05 seconds
For documentation on this error, please visit: http://seleniumhq.org/exceptions/no_such_element.html
Build info: version: '2.53.0', revision: '35ae25b1534ae328c771e0856c93e187490ca824', time: '2016-03-15 10:43:46'
System info: host: 'Renu.local', ip: '10.250.182.209', os.name: 'Mac OS X', os.arch: 'x86_64', os.version: '10.10.5', java.version: '1.8.0_77'
Driver info: org.openqa.selenium.remote.RemoteWebDriver
Capabilities [{app=/Users/rbathej/SJSU/287/GroupProject/Zomato.apk, appPackage=com.application.zomato, networkConnectionEnabled=true, warnings={}, databaseEnabled=false, deviceName=04a2e40343837d65, platform=LINUX, desired={app=/Users/rbathej/SJSU/287/GroupProject/Zomato.apk, appPackage=com.application.zomato, platformVersion=4.4.4, browserName=Android, platformName=Android, deviceName=104ec392, autoAcceptAlerts=true}, platformVersion=6.0.1, webStorageEnabled=false, locationContextEnabled=false, browserName=Android, takesScreenshot=true, javascriptEnabled=true, platformName=Android, autoAcceptAlerts=true}]
Session ID: 2d3421bc-ac1e-4355-b262-7e0924192e7d
*** Element info: {Using=id, value=com.application.zomato:id/reviewRatingbar}
	at sun.reflect.NativeConstructorAccessorImpl.newInstance0(Native Method)
	at sun.reflect.NativeConstructorAccessorImpl.newInstance(NativeConstructorAccessorImpl.java:62)
	at sun.reflect.DelegatingConstructorAccessorImpl.newInstance(DelegatingConstructorAccessorImpl.java:45)
	at java.lang.reflect.Constructor.newInstance(Constructor.java:423)
	at org.openqa.selenium.remote.ErrorHandler.createThrowable(ErrorHandler.java:206)
	at org.openqa.selenium.remote.ErrorHandler.throwIfResponseFailed(ErrorHandler.java:158)
	at org.openqa.selenium.remote.RemoteWebDriver.execute(RemoteWebDriver.java:678)
	at org.openqa.selenium.remote.RemoteWebDriver.findElement(RemoteWebDriver.java:363)
	at org.openqa.selenium.remote.RemoteWebDriver.findElementById(RemoteWebDriver.java:413)
	at org.openqa.selenium.By$ById.findElement(By.java:218)
	at org.openqa.selenium.remote.RemoteWebDriver.findElement(RemoteWebDriver.java:355)
	at TestReviews.testZomatoReviews(TestReviews.java:141)
	at sun.reflect.NativeMethodAccessorImpl.invoke0(Native Method)
	at sun.reflect.NativeMethodAccessorImpl.invoke(NativeMethodAccessorImpl.java:62)
	at sun.reflect.DelegatingMethodAccessorImpl.invoke(DelegatingMethodAccessorImpl.java:43)
	at java.lang.reflect.Method.invoke(Method.java:498)
	at org.testng.internal.MethodInvocationHelper.invokeMethod(MethodInvocationHelper.java:86)
	at org.testng.internal.Invoker.invokeMethod(Invoker.java:643)
	at org.testng.internal.Invoker.invokeTestMethod(Invoker.java:820)
	at org.testng.internal.Invoker.invokeTestMethods(Invoker.java:1128)
	at org.testng.internal.TestMethodWorker.invokeTestMethods(TestMethodWorker.java:129)
	at org.testng.internal.TestMethodWorker.run(TestMethodWorker.java:112)
	at org.testng.TestRunner.privateRun(TestRunner.java:782)
	at org.testng.TestRunner.run(TestRunner.java:632)
	at org.testng.SuiteRunner.runTest(SuiteRunner.java:366)
	at org.testng.SuiteRunner.runSequentially(SuiteRunner.java:361)
	at org.testng.SuiteRunner.privateRun(SuiteRunner.java:319)
	at org.testng.SuiteRunner.run(SuiteRunner.java:268)
	at org.testng.SuiteRunnerWorker.runSuite(SuiteRunnerWorker.java:52)
	at org.testng.SuiteRunnerWorker.run(SuiteRunnerWorker.java:86)
	at org.testng.TestNG.runSuitesSequentially(TestNG.java:1244)
	at org.testng.TestNG.runSuitesLocally(TestNG.java:1169)
	at org.testng.TestNG.run(TestNG.java:1064)
	at org.testng.IDEARemoteTestNG.run(IDEARemoteTestNG.java:72)
	at org.testng.RemoteTestNGStarter.main(RemoteTestNGStarter.java:122)
	at sun.reflect.NativeMethodAccessorImpl.invoke0(Native Method)
	at sun.reflect.NativeMethodAccessorImpl.invoke(NativeMethodAccessorImpl.java:62)
	at sun.reflect.DelegatingMethodAccessorImpl.invoke(DelegatingMethodAccessorImpl.java:43)
	at java.lang.reflect.Method.invoke(Method.java:498)
	at com.intellij.rt.execution.application.AppMain.main(AppMain.java:144)
]]>
            </full-stacktrace>
          </exception> <!-- org.openqa.selenium.NoSuchElementException -->
          <reporter-output>
          </reporter-output>
        </test-method> <!-- testZomatoReviews -->
        <test-method status="FAIL" signature="testZomatoReviewsNegative()[pri:0, instance:TestReviews@7f560810]" name="testZomatoReviewsNegative" duration-ms="5433" started-at="2016-04-28T19:51:40Z" finished-at="2016-04-28T19:51:45Z">
          <exception class="org.openqa.selenium.NoSuchElementException">
            <message>
              <![CDATA[An element could not be located on the page using the given search parameters. (WARNING: The server did not provide any stacktrace information)
Command duration or timeout: 5.43 seconds
For documentation on this error, please visit: http://seleniumhq.org/exceptions/no_such_element.html
Build info: version: '2.53.0', revision: '35ae25b1534ae328c771e0856c93e187490ca824', time: '2016-03-15 10:43:46'
System info: host: 'Renu.local', ip: '10.250.182.209', os.name: 'Mac OS X', os.arch: 'x86_64', os.version: '10.10.5', java.version: '1.8.0_77'
Driver info: org.openqa.selenium.remote.RemoteWebDriver
Capabilities [{app=/Users/rbathej/SJSU/287/GroupProject/Zomato.apk, appPackage=com.application.zomato, networkConnectionEnabled=true, warnings={}, databaseEnabled=false, deviceName=04a2e40343837d65, platform=LINUX, desired={app=/Users/rbathej/SJSU/287/GroupProject/Zomato.apk, appPackage=com.application.zomato, platformVersion=4.4.4, browserName=Android, platformName=Android, deviceName=104ec392, autoAcceptAlerts=true}, platformVersion=6.0.1, webStorageEnabled=false, locationContextEnabled=false, browserName=Android, takesScreenshot=true, javascriptEnabled=true, platformName=Android, autoAcceptAlerts=true}]
Session ID: 2d3421bc-ac1e-4355-b262-7e0924192e7d
*** Element info: {Using=id, value=com.application.zomato:id/fab_background}]]>
            </message>
            <full-stacktrace>
              <![CDATA[org.openqa.selenium.NoSuchElementException: An element could not be located on the page using the given search parameters. (WARNING: The server did not provide any stacktrace information)
Command duration or timeout: 5.43 seconds
For documentation on this error, please visit: http://seleniumhq.org/exceptions/no_such_element.html
Build info: version: '2.53.0', revision: '35ae25b1534ae328c771e0856c93e187490ca824', time: '2016-03-15 10:43:46'
System info: host: 'Renu.local', ip: '10.250.182.209', os.name: 'Mac OS X', os.arch: 'x86_64', os.version: '10.10.5', java.version: '1.8.0_77'
Driver info: org.openqa.selenium.remote.RemoteWebDriver
Capabilities [{app=/Users/rbathej/SJSU/287/GroupProject/Zomato.apk, appPackage=com.application.zomato, networkConnectionEnabled=true, warnings={}, databaseEnabled=false, deviceName=04a2e40343837d65, platform=LINUX, desired={app=/Users/rbathej/SJSU/287/GroupProject/Zomato.apk, appPackage=com.application.zomato, platformVersion=4.4.4, browserName=Android, platformName=Android, deviceName=104ec392, autoAcceptAlerts=true}, platformVersion=6.0.1, webStorageEnabled=false, locationContextEnabled=false, browserName=Android, takesScreenshot=true, javascriptEnabled=true, platformName=Android, autoAcceptAlerts=true}]
Session ID: 2d3421bc-ac1e-4355-b262-7e0924192e7d
*** Element info: {Using=id, value=com.application.zomato:id/fab_background}
	at sun.reflect.NativeConstructorAccessorImpl.newInstance0(Native Method)
	at sun.reflect.NativeConstructorAccessorImpl.newInstance(NativeConstructorAccessorImpl.java:62)
	at sun.reflect.DelegatingConstructorAccessorImpl.newInstance(DelegatingConstructorAccessorImpl.java:45)
	at java.lang.reflect.Constructor.newInstance(Constructor.java:423)
	at org.openqa.selenium.remote.ErrorHandler.createThrowable(ErrorHandler.java:206)
	at org.openqa.selenium.remote.ErrorHandler.throwIfResponseFailed(ErrorHandler.java:158)
	at org.openqa.selenium.remote.RemoteWebDriver.execute(RemoteWebDriver.java:678)
	at org.openqa.selenium.remote.RemoteWebDriver.findElement(RemoteWebDriver.java:363)
	at org.openqa.selenium.remote.RemoteWebDriver.findElementById(RemoteWebDriver.java:413)
	at org.openqa.selenium.By$ById.findElement(By.java:218)
	at org.openqa.selenium.remote.RemoteWebDriver.findElement(RemoteWebDriver.java:355)
	at TestReviews.testZomatoReviewsNegative(TestReviews.java:99)
	at sun.reflect.NativeMethodAccessorImpl.invoke0(Native Method)
	at sun.reflect.NativeMethodAccessorImpl.invoke(NativeMethodAccessorImpl.java:62)
	at sun.reflect.DelegatingMethodAccessorImpl.invoke(DelegatingMethodAccessorImpl.java:43)
	at java.lang.reflect.Method.invoke(Method.java:498)
	at org.testng.internal.MethodInvocationHelper.invokeMethod(MethodInvocationHelper.java:86)
	at org.testng.internal.Invoker.invokeMethod(Invoker.java:643)
	at org.testng.internal.Invoker.invokeTestMethod(Invoker.java:820)
	at org.testng.internal.Invoker.invokeTestMethods(Invoker.java:1128)
	at org.testng.internal.TestMethodWorker.invokeTestMethods(TestMethodWorker.java:129)
	at org.testng.internal.TestMethodWorker.run(TestMethodWorker.java:112)
	at org.testng.TestRunner.privateRun(TestRunner.java:782)
	at org.testng.TestRunner.run(TestRunner.java:632)
	at org.testng.SuiteRunner.runTest(SuiteRunner.java:366)
	at org.testng.SuiteRunner.runSequentially(SuiteRunner.java:361)
	at org.testng.SuiteRunner.privateRun(SuiteRunner.java:319)
	at org.testng.SuiteRunner.run(SuiteRunner.java:268)
	at org.testng.SuiteRunnerWorker.runSuite(SuiteRunnerWorker.java:52)
	at org.testng.SuiteRunnerWorker.run(SuiteRunnerWorker.java:86)
	at org.testng.TestNG.runSuitesSequentially(TestNG.java:1244)
	at org.testng.TestNG.runSuitesLocally(TestNG.java:1169)
	at org.testng.TestNG.run(TestNG.java:1064)
	at org.testng.IDEARemoteTestNG.run(IDEARemoteTestNG.java:72)
	at org.testng.RemoteTestNGStarter.main(RemoteTestNGStarter.java:122)
	at sun.reflect.NativeMethodAccessorImpl.invoke0(Native Method)
	at sun.reflect.NativeMethodAccessorImpl.invoke(NativeMethodAccessorImpl.java:62)
	at sun.reflect.DelegatingMethodAccessorImpl.invoke(DelegatingMethodAccessorImpl.java:43)
	at java.lang.reflect.Method.invoke(Method.java:498)
	at com.intellij.rt.execution.application.AppMain.main(AppMain.java:144)
]]>
            </full-stacktrace>
          </exception> <!-- org.openqa.selenium.NoSuchElementException -->
          <reporter-output>
          </reporter-output>
        </test-method> <!-- testZomatoReviewsNegative -->
        <test-method status="PASS" signature="teardown()[pri:0, instance:TestReviews@7f560810]" name="teardown" is-config="true" duration-ms="1052" started-at="2016-04-28T19:51:45Z" finished-at="2016-04-28T19:51:46Z">
          <reporter-output>
          </reporter-output>
        </test-method> <!-- teardown -->
      </class> <!-- TestReviews -->
      <class name="loginTests">
        <test-method status="PASS" signature="getPropValues()[pri:0, instance:loginTests@153f5a29]" name="getPropValues" is-config="true" duration-ms="0" started-at="2016-04-28T19:49:27Z" finished-at="2016-04-28T19:49:27Z">
          <reporter-output>
          </reporter-output>
        </test-method> <!-- getPropValues -->
        <test-method status="PASS" signature="setUp()[pri:0, instance:loginTests@153f5a29]" name="setUp" is-config="true" duration-ms="11642" started-at="2016-04-28T19:49:27Z" finished-at="2016-04-28T19:49:39Z">
          <reporter-output>
          </reporter-output>
        </test-method> <!-- setUp -->
        <test-method status="PASS" signature="testInvalidLoginCredentials()[pri:0, instance:loginTests@153f5a29]" name="testInvalidLoginCredentials" duration-ms="18254" started-at="2016-04-28T19:49:39Z" finished-at="2016-04-28T19:49:57Z">
          <reporter-output>
          </reporter-output>
        </test-method> <!-- testInvalidLoginCredentials -->
        <test-method status="PASS" signature="teardown()[pri:0, instance:loginTests@153f5a29]" name="teardown" is-config="true" duration-ms="1064" started-at="2016-04-28T19:49:57Z" finished-at="2016-04-28T19:49:58Z">
          <reporter-output>
          </reporter-output>
        </test-method> <!-- teardown -->
        <test-method status="PASS" signature="getPropValues()[pri:0, instance:loginTests@153f5a29]" name="getPropValues" is-config="true" duration-ms="0" started-at="2016-04-28T19:49:58Z" finished-at="2016-04-28T19:49:58Z">
          <reporter-output>
          </reporter-output>
        </test-method> <!-- getPropValues -->
        <test-method status="PASS" signature="setUp()[pri:0, instance:loginTests@153f5a29]" name="setUp" is-config="true" duration-ms="11647" started-at="2016-04-28T19:49:58Z" finished-at="2016-04-28T19:50:10Z">
          <reporter-output>
          </reporter-output>
        </test-method> <!-- setUp -->
        <test-method status="PASS" signature="validLogin()[pri:0, instance:loginTests@153f5a29]" name="validLogin" duration-ms="40029" started-at="2016-04-28T19:50:10Z" finished-at="2016-04-28T19:50:50Z">
          <reporter-output>
          </reporter-output>
        </test-method> <!-- validLogin -->
        <test-method status="PASS" signature="teardown()[pri:0, instance:loginTests@153f5a29]" name="teardown" is-config="true" duration-ms="1033" started-at="2016-04-28T19:50:50Z" finished-at="2016-04-28T19:50:51Z">
          <reporter-output>
          </reporter-output>
        </test-method> <!-- teardown -->
      </class> <!-- loginTests -->
      <class name="ZomatoCreateCollection_DeleteCollection">
        <test-method status="FAIL" signature="CreateCollectionTest()[pri:0, instance:ZomatoCreateCollection_DeleteCollection@7ca48474]" name="CreateCollectionTest" duration-ms="75069" started-at="2016-04-28T19:55:31Z" finished-at="2016-04-28T19:56:46Z">
          <exception class="org.openqa.selenium.NoSuchElementException">
            <message>
              <![CDATA[An element could not be located on the page using the given search parameters. (WARNING: The server did not provide any stacktrace information)
Command duration or timeout: 5.02 seconds
For documentation on this error, please visit: http://seleniumhq.org/exceptions/no_such_element.html
Build info: version: '2.53.0', revision: '35ae25b1534ae328c771e0856c93e187490ca824', time: '2016-03-15 10:43:46'
System info: host: 'Renu.local', ip: '10.250.182.209', os.name: 'Mac OS X', os.arch: 'x86_64', os.version: '10.10.5', java.version: '1.8.0_77'
Driver info: io.appium.java_client.android.AndroidDriver
Capabilities [{app=/Users/rbathej/SJSU/287/GroupProject/Zomato.apk, appPackage=com.application.zomato, networkConnectionEnabled=true, warnings={}, databaseEnabled=false, deviceName=04a2e40343837d65, platform=LINUX, desired={app=/Users/rbathej/SJSU/287/GroupProject/Zomato.apk, appPackage=com.application.zomato, platformVersion=5.0.1, browserName= , platformName=Android, deviceName=XT1064}, platformVersion=6.0.1, webStorageEnabled=false, locationContextEnabled=false, browserName= , takesScreenshot=true, javascriptEnabled=true, platformName=Android}]
Session ID: 8f8d77bb-57af-4aeb-913e-f21172fad2ab
*** Element info: {Using=id, value=com.application.zomato:id/call_icon}]]>
            </message>
            <full-stacktrace>
              <![CDATA[org.openqa.selenium.NoSuchElementException: An element could not be located on the page using the given search parameters. (WARNING: The server did not provide any stacktrace information)
Command duration or timeout: 5.02 seconds
For documentation on this error, please visit: http://seleniumhq.org/exceptions/no_such_element.html
Build info: version: '2.53.0', revision: '35ae25b1534ae328c771e0856c93e187490ca824', time: '2016-03-15 10:43:46'
System info: host: 'Renu.local', ip: '10.250.182.209', os.name: 'Mac OS X', os.arch: 'x86_64', os.version: '10.10.5', java.version: '1.8.0_77'
Driver info: io.appium.java_client.android.AndroidDriver
Capabilities [{app=/Users/rbathej/SJSU/287/GroupProject/Zomato.apk, appPackage=com.application.zomato, networkConnectionEnabled=true, warnings={}, databaseEnabled=false, deviceName=04a2e40343837d65, platform=LINUX, desired={app=/Users/rbathej/SJSU/287/GroupProject/Zomato.apk, appPackage=com.application.zomato, platformVersion=5.0.1, browserName= , platformName=Android, deviceName=XT1064}, platformVersion=6.0.1, webStorageEnabled=false, locationContextEnabled=false, browserName= , takesScreenshot=true, javascriptEnabled=true, platformName=Android}]
Session ID: 8f8d77bb-57af-4aeb-913e-f21172fad2ab
*** Element info: {Using=id, value=com.application.zomato:id/call_icon}
	at sun.reflect.NativeConstructorAccessorImpl.newInstance0(Native Method)
	at sun.reflect.NativeConstructorAccessorImpl.newInstance(NativeConstructorAccessorImpl.java:62)
	at sun.reflect.DelegatingConstructorAccessorImpl.newInstance(DelegatingConstructorAccessorImpl.java:45)
	at java.lang.reflect.Constructor.newInstance(Constructor.java:423)
	at org.openqa.selenium.remote.ErrorHandler.createThrowable(ErrorHandler.java:206)
	at org.openqa.selenium.remote.ErrorHandler.throwIfResponseFailed(ErrorHandler.java:158)
	at org.openqa.selenium.remote.RemoteWebDriver.execute(RemoteWebDriver.java:678)
	at io.appium.java_client.AppiumDriver.execute(AppiumDriver.java:180)
	at org.openqa.selenium.remote.RemoteWebDriver.findElement(RemoteWebDriver.java:363)
	at org.openqa.selenium.remote.RemoteWebDriver.findElementById(RemoteWebDriver.java:413)
	at org.openqa.selenium.By$ById.findElement(By.java:218)
	at org.openqa.selenium.remote.RemoteWebDriver.findElement(RemoteWebDriver.java:355)
	at ZomatoCreateCollection_DeleteCollection.CreateCollectionTest(ZomatoCreateCollection_DeleteCollection.java:105)
	at sun.reflect.NativeMethodAccessorImpl.invoke0(Native Method)
	at sun.reflect.NativeMethodAccessorImpl.invoke(NativeMethodAccessorImpl.java:62)
	at sun.reflect.DelegatingMethodAccessorImpl.invoke(DelegatingMethodAccessorImpl.java:43)
	at java.lang.reflect.Method.invoke(Method.java:498)
	at org.testng.internal.MethodInvocationHelper.invokeMethod(MethodInvocationHelper.java:86)
	at org.testng.internal.Invoker.invokeMethod(Invoker.java:643)
	at org.testng.internal.Invoker.invokeTestMethod(Invoker.java:820)
	at org.testng.internal.Invoker.invokeTestMethods(Invoker.java:1128)
	at org.testng.internal.TestMethodWorker.invokeTestMethods(TestMethodWorker.java:129)
	at org.testng.internal.TestMethodWorker.run(TestMethodWorker.java:112)
	at org.testng.TestRunner.privateRun(TestRunner.java:782)
	at org.testng.TestRunner.run(TestRunner.java:632)
	at org.testng.SuiteRunner.runTest(SuiteRunner.java:366)
	at org.testng.SuiteRunner.runSequentially(SuiteRunner.java:361)
	at org.testng.SuiteRunner.privateRun(SuiteRunner.java:319)
	at org.testng.SuiteRunner.run(SuiteRunner.java:268)
	at org.testng.SuiteRunnerWorker.runSuite(SuiteRunnerWorker.java:52)
	at org.testng.SuiteRunnerWorker.run(SuiteRunnerWorker.java:86)
	at org.testng.TestNG.runSuitesSequentially(TestNG.java:1244)
	at org.testng.TestNG.runSuitesLocally(TestNG.java:1169)
	at org.testng.TestNG.run(TestNG.java:1064)
	at org.testng.IDEARemoteTestNG.run(IDEARemoteTestNG.java:72)
	at org.testng.RemoteTestNGStarter.main(RemoteTestNGStarter.java:122)
	at sun.reflect.NativeMethodAccessorImpl.invoke0(Native Method)
	at sun.reflect.NativeMethodAccessorImpl.invoke(NativeMethodAccessorImpl.java:62)
	at sun.reflect.DelegatingMethodAccessorImpl.invoke(DelegatingMethodAccessorImpl.java:43)
	at java.lang.reflect.Method.invoke(Method.java:498)
	at com.intellij.rt.execution.application.AppMain.main(AppMain.java:144)
]]>
            </full-stacktrace>
          </exception> <!-- org.openqa.selenium.NoSuchElementException -->
          <reporter-output>
          </reporter-output>
        </test-method> <!-- CreateCollectionTest -->
        <test-method status="FAIL" signature="DeleteCollectionTest()[pri:0, instance:ZomatoCreateCollection_DeleteCollection@7ca48474]" name="DeleteCollectionTest" duration-ms="13" started-at="2016-04-28T19:56:46Z" finished-at="2016-04-28T19:56:46Z">
          <exception class="org.openqa.selenium.SessionNotCreatedException">
            <message>
              <![CDATA[A new session could not be created. (Original error: Requested a new session but one was in progress) (WARNING: The server did not provide any stacktrace information)
Command duration or timeout: 11 milliseconds
Build info: version: '2.53.0', revision: '35ae25b1534ae328c771e0856c93e187490ca824', time: '2016-03-15 10:43:46'
System info: host: 'Renu.local', ip: '10.250.182.209', os.name: 'Mac OS X', os.arch: 'x86_64', os.version: '10.10.5', java.version: '1.8.0_77'
Driver info: io.appium.java_client.android.AndroidDriver]]>
            </message>
            <full-stacktrace>
              <![CDATA[org.openqa.selenium.SessionNotCreatedException: A new session could not be created. (Original error: Requested a new session but one was in progress) (WARNING: The server did not provide any stacktrace information)
Command duration or timeout: 11 milliseconds
Build info: version: '2.53.0', revision: '35ae25b1534ae328c771e0856c93e187490ca824', time: '2016-03-15 10:43:46'
System info: host: 'Renu.local', ip: '10.250.182.209', os.name: 'Mac OS X', os.arch: 'x86_64', os.version: '10.10.5', java.version: '1.8.0_77'
Driver info: io.appium.java_client.android.AndroidDriver
	at sun.reflect.NativeConstructorAccessorImpl.newInstance0(Native Method)
	at sun.reflect.NativeConstructorAccessorImpl.newInstance(NativeConstructorAccessorImpl.java:62)
	at sun.reflect.DelegatingConstructorAccessorImpl.newInstance(DelegatingConstructorAccessorImpl.java:45)
	at java.lang.reflect.Constructor.newInstance(Constructor.java:423)
	at org.openqa.selenium.remote.ErrorHandler.createThrowable(ErrorHandler.java:206)
	at org.openqa.selenium.remote.ErrorHandler.throwIfResponseFailed(ErrorHandler.java:158)
	at org.openqa.selenium.remote.RemoteWebDriver.execute(RemoteWebDriver.java:678)
	at io.appium.java_client.AppiumDriver.execute(AppiumDriver.java:180)
	at org.openqa.selenium.remote.RemoteWebDriver.startSession(RemoteWebDriver.java:249)
	at org.openqa.selenium.remote.RemoteWebDriver.<init>(RemoteWebDriver.java:131)
	at org.openqa.selenium.remote.RemoteWebDriver.<init>(RemoteWebDriver.java:158)
	at io.appium.java_client.AppiumDriver.<init>(AppiumDriver.java:109)
	at io.appium.java_client.android.AndroidDriver.<init>(AndroidDriver.java:39)
	at ZomatoCreateCollection_DeleteCollection.LaunchingZomato(ZomatoCreateCollection_DeleteCollection.java:42)
	at ZomatoCreateCollection_DeleteCollection.DeleteCollectionTest(ZomatoCreateCollection_DeleteCollection.java:123)
	at sun.reflect.NativeMethodAccessorImpl.invoke0(Native Method)
	at sun.reflect.NativeMethodAccessorImpl.invoke(NativeMethodAccessorImpl.java:62)
	at sun.reflect.DelegatingMethodAccessorImpl.invoke(DelegatingMethodAccessorImpl.java:43)
	at java.lang.reflect.Method.invoke(Method.java:498)
	at org.testng.internal.MethodInvocationHelper.invokeMethod(MethodInvocationHelper.java:86)
	at org.testng.internal.Invoker.invokeMethod(Invoker.java:643)
	at org.testng.internal.Invoker.invokeTestMethod(Invoker.java:820)
	at org.testng.internal.Invoker.invokeTestMethods(Invoker.java:1128)
	at org.testng.internal.TestMethodWorker.invokeTestMethods(TestMethodWorker.java:129)
	at org.testng.internal.TestMethodWorker.run(TestMethodWorker.java:112)
	at org.testng.TestRunner.privateRun(TestRunner.java:782)
	at org.testng.TestRunner.run(TestRunner.java:632)
	at org.testng.SuiteRunner.runTest(SuiteRunner.java:366)
	at org.testng.SuiteRunner.runSequentially(SuiteRunner.java:361)
	at org.testng.SuiteRunner.privateRun(SuiteRunner.java:319)
	at org.testng.SuiteRunner.run(SuiteRunner.java:268)
	at org.testng.SuiteRunnerWorker.runSuite(SuiteRunnerWorker.java:52)
	at org.testng.SuiteRunnerWorker.run(SuiteRunnerWorker.java:86)
	at org.testng.TestNG.runSuitesSequentially(TestNG.java:1244)
	at org.testng.TestNG.runSuitesLocally(TestNG.java:1169)
	at org.testng.TestNG.run(TestNG.java:1064)
	at org.testng.IDEARemoteTestNG.run(IDEARemoteTestNG.java:72)
	at org.testng.RemoteTestNGStarter.main(RemoteTestNGStarter.java:122)
	at sun.reflect.NativeMethodAccessorImpl.invoke0(Native Method)
	at sun.reflect.NativeMethodAccessorImpl.invoke(NativeMethodAccessorImpl.java:62)
	at sun.reflect.DelegatingMethodAccessorImpl.invoke(DelegatingMethodAccessorImpl.java:43)
	at java.lang.reflect.Method.invoke(Method.java:498)
	at com.intellij.rt.execution.application.AppMain.main(AppMain.java:144)
]]>
            </full-stacktrace>
          </exception> <!-- org.openqa.selenium.SessionNotCreatedException -->
          <reporter-output>
          </reporter-output>
        </test-method> <!-- DeleteCollectionTest -->
        <test-method status="PASS" signature="teardown()[pri:0, instance:ZomatoCreateCollection_DeleteCollection@7ca48474]" name="teardown" is-config="true" duration-ms="1073" started-at="2016-04-28T19:56:46Z" finished-at="2016-04-28T19:56:47Z">
          <reporter-output>
          </reporter-output>
        </test-method> <!-- teardown -->
      </class> <!-- ZomatoCreateCollection_DeleteCollection -->
      <class name="InviteFriendsTest">
        <test-method status="PASS" signature="setup()[pri:0, instance:InviteFriendsTest@69d9c55]" name="setup" is-config="true" duration-ms="8741" started-at="2016-04-28T19:51:46Z" finished-at="2016-04-28T19:51:55Z">
          <reporter-output>
          </reporter-output>
        </test-method> <!-- setup -->
        <test-method status="PASS" signature="inviteFriendsByMail()[pri:0, instance:InviteFriendsTest@69d9c55]" name="inviteFriendsByMail" duration-ms="49854" started-at="2016-04-28T19:51:55Z" finished-at="2016-04-28T19:52:45Z">
          <reporter-output>
          </reporter-output>
        </test-method> <!-- inviteFriendsByMail -->
        <test-method status="PASS" signature="teardown()[pri:0, instance:InviteFriendsTest@69d9c55]" name="teardown" is-config="true" duration-ms="1139" started-at="2016-04-28T19:52:45Z" finished-at="2016-04-28T19:52:46Z">
          <reporter-output>
          </reporter-output>
        </test-method> <!-- teardown -->
      </class> <!-- InviteFriendsTest -->
    </test> <!-- zomato -->
  </suite> <!-- TestAll -->
</testng-results>
